[debug] [2024-01-12T19:06:59.296Z] ----------------------------------------------------------------------
[debug] [2024-01-12T19:06:59.297Z] Command:       /usr/local/bin/node /usr/local/bin/firebase functions:shell
[debug] [2024-01-12T19:06:59.297Z] CLI Version:   11.25.2
[debug] [2024-01-12T19:06:59.297Z] Platform:      darwin
[debug] [2024-01-12T19:06:59.298Z] Node Version:  v16.17.1
[debug] [2024-01-12T19:06:59.302Z] Time:          Sat Jan 13 2024 00:36:59 GMT+0530 (India Standard Time)
[debug] [2024-01-12T19:06:59.302Z] ----------------------------------------------------------------------
[debug] 
[debug] [2024-01-12T19:06:59.304Z] >>> [apiv2][query] GET https://firebase-public.firebaseio.com/cli.json [none]
[debug] [2024-01-12T19:06:59.365Z] > command requires scopes: ["email","openid","https://www.googleapis.com/auth/cloudplatformprojects.readonly","https://www.googleapis.com/auth/firebase","https://www.googleapis.com/auth/cloud-platform"]
[debug] [2024-01-12T19:06:59.366Z] > authorizing via signed-in user (satyamm1998@gmail.com)
[debug] [2024-01-12T19:06:59.366Z] [iam] checking project fir-1a20f for permissions ["firebase.projects.get"]
[debug] [2024-01-12T19:06:59.366Z] > refreshing access token with scopes: []
[debug] [2024-01-12T19:06:59.367Z] >>> [apiv2][query] POST https://www.googleapis.com/oauth2/v3/token [none]
[debug] [2024-01-12T19:06:59.367Z] >>> [apiv2][body] POST https://www.googleapis.com/oauth2/v3/token [omitted]
[debug] [2024-01-12T19:06:59.580Z] <<< [apiv2][status] POST https://www.googleapis.com/oauth2/v3/token 200
[debug] [2024-01-12T19:06:59.580Z] <<< [apiv2][body] POST https://www.googleapis.com/oauth2/v3/token [omitted]
[debug] [2024-01-12T19:06:59.591Z] >>> [apiv2][query] POST https://cloudresourcemanager.googleapis.com/v1/projects/fir-1a20f:testIamPermissions [none]
[debug] [2024-01-12T19:06:59.591Z] >>> [apiv2][(partial)header] POST https://cloudresourcemanager.googleapis.com/v1/projects/fir-1a20f:testIamPermissions x-goog-quota-user=projects/fir-1a20f
[debug] [2024-01-12T19:06:59.591Z] >>> [apiv2][body] POST https://cloudresourcemanager.googleapis.com/v1/projects/fir-1a20f:testIamPermissions {"permissions":["firebase.projects.get"]}
[debug] [2024-01-12T19:07:00.021Z] <<< [apiv2][status] GET https://firebase-public.firebaseio.com/cli.json 200
[debug] [2024-01-12T19:07:00.021Z] <<< [apiv2][body] GET https://firebase-public.firebaseio.com/cli.json {"cloudBuildErrorAfter":1594252800000,"cloudBuildWarnAfter":1590019200000,"defaultNode10After":1594252800000,"minVersion":"3.0.5","node8DeploysDisabledAfter":1613390400000,"node8RuntimeDisabledAfter":1615809600000,"node8WarnAfter":1600128000000}
[debug] [2024-01-12T19:07:01.183Z] <<< [apiv2][status] POST https://cloudresourcemanager.googleapis.com/v1/projects/fir-1a20f:testIamPermissions 200
[debug] [2024-01-12T19:07:01.183Z] <<< [apiv2][body] POST https://cloudresourcemanager.googleapis.com/v1/projects/fir-1a20f:testIamPermissions {"permissions":["firebase.projects.get"]}
[warn] ⚠  functions: Functions Emulator unable to start on port 5000, starting on 5001 instead. {"metadata":{"emulator":{"name":"functions"},"message":"Functions Emulator unable to start on port 5000, starting on 5001 instead."}}
[debug] [2024-01-12T19:07:01.299Z] [functions] Functions Emulator only supports listening on one address (127.0.0.1). Not listening on ::1
[debug] [2024-01-12T19:07:01.302Z] defaultcredentials: writing to file /Users/satyamsingh/.config/firebase/satyamm1998_gmail_com_application_default_credentials.json
[debug] [2024-01-12T19:07:01.303Z] DEBUG: Setting GAC to /Users/satyamsingh/.config/firebase/satyamm1998_gmail_com_application_default_credentials.json
[debug] [2024-01-12T19:07:01.304Z] >>> [apiv2][query] GET https://firebase.googleapis.com/v1beta1/projects/fir-1a20f/adminSdkConfig [none]
[debug] [2024-01-12T19:07:01.739Z] <<< [apiv2][status] GET https://firebase.googleapis.com/v1beta1/projects/fir-1a20f/adminSdkConfig 200
[debug] [2024-01-12T19:07:01.740Z] <<< [apiv2][body] GET https://firebase.googleapis.com/v1beta1/projects/fir-1a20f/adminSdkConfig {"projectId":"fir-1a20f","storageBucket":"fir-1a20f.appspot.com"}
[debug] [2024-01-12T19:07:01.749Z] [functions] Watching "/Users/satyamsingh/Documents/Projects/React/ReactJS/amazon-clone-firebase/functions" for Cloud Functions...
[debug] [2024-01-12T19:07:01.754Z] Validating nodejs source
[warn] ⚠  functions: package.json indicates an outdated version of firebase-functions. Please upgrade using npm install --save firebase-functions@latest in your functions directory. 
[debug] [2024-01-12T19:07:03.635Z] > [functions] package.json contents: {
  "name": "functions",
  "description": "Cloud Functions for Firebase",
  "scripts": {
    "lint": "eslint .",
    "serve": "firebase emulators:start --only functions",
    "shell": "firebase functions:shell",
    "start": "npm run shell",
    "deploy": "firebase deploy --only functions",
    "logs": "firebase functions:log"
  },
  "engines": {
    "node": "16"
  },
  "main": "index.js",
  "dependencies": {
    "express": "^4.18.2",
    "firebase-admin": "^11.5.0",
    "firebase-functions": "^4.2.0",
    "stripe": "^11.16.0"
  },
  "devDependencies": {
    "eslint": "^8.15.0",
    "eslint-config-google": "^0.14.0",
    "firebase-functions-test": "^3.0.0"
  },
  "private": true
}
[debug] [2024-01-12T19:07:03.635Z] Building nodejs source
[debug] [2024-01-12T19:07:03.635Z] Failed to find version of module node: reached end of search path /Users/satyamsingh/Documents/Projects/React/ReactJS/amazon-clone-firebase/functions/node_modules
[info] ✔  functions: Using node@16 from host. 
[debug] [2024-01-12T19:07:03.637Z] Could not find functions.yaml. Must use http discovery
[debug] [2024-01-12T19:07:03.643Z] Found firebase-functions binary at '/Users/satyamsingh/Documents/Projects/React/ReactJS/amazon-clone-firebase/functions/node_modules/.bin/firebase-functions'
[debug] [2024-01-12T19:07:03.804Z] Serving at port 8504

[debug] [2024-01-12T19:07:04.028Z] Got response from /__/functions.yaml {"endpoints":{"api":{"platform":"gcfv1","availableMemoryMb":null,"timeoutSeconds":null,"minInstances":null,"maxInstances":null,"ingressSettings":null,"serviceAccountEmail":null,"vpc":null,"httpsTrigger":{},"entryPoint":"api"}},"specVersion":"v1alpha1","requiredAPIs":[]}
[debug] [2024-01-12T19:07:04.033Z] shutdown requested via /__/quitquitquit

[debug] [2024-01-12T19:07:04.038Z] [functions] Loaded functions definitions from source: api.
[debug] [2024-01-12T19:07:04.038Z] [functions[us-central1-api]] http function initialized (http://127.0.0.1:5001/fir-1a20f/us-central1/api).
[info] i  functions: Loaded functions: api 
[warn] ⚠  functions: The following emulators are not running, calls to these services will affect production: firestore, database, pubsub, storage, eventarc 
[debug] [2024-01-12T19:08:53.719Z] [work-queue] {"queuedWork":["/fir-1a20f/us-central1/api/payments/create-2024-01-12T19:08:53.718Z"],"queueLength":1,"runningWork":[],"workRunningCount":0}
[debug] [2024-01-12T19:08:53.721Z] [work-queue] {"queuedWork":[],"queueLength":0,"runningWork":["/fir-1a20f/us-central1/api/payments/create-2024-01-12T19:08:53.718Z"],"workRunningCount":1}
[debug] [2024-01-12T19:08:53.721Z] Accepted request POST /fir-1a20f/us-central1/api/payments/create?total=0 --> us-central1-api
[debug] [2024-01-12T19:08:53.729Z] DEBUG: [functions] Runtime ready! Sending request!
[debug] [2024-01-12T19:08:53.730Z] DEBUG: [functions] Got req.url=/fir-1a20f/us-central1/api/payments/create?total=0, mapping to path=/payments/create?total=0
[debug] [2024-01-12T19:08:53.741Z] DEBUG: [worker-pool] addWorker(us-central1-api)
[debug] [2024-01-12T19:08:53.742Z] DEBUG: [worker-pool] Adding worker with key us-central1-api, total=1
[debug] [2024-01-12T19:08:53.744Z] [work-queue] {"queuedWork":["/fir-1a20f/us-central1/api/payments/create-2024-01-12T19:08:53.744Z"],"queueLength":1,"runningWork":["/fir-1a20f/us-central1/api/payments/create-2024-01-12T19:08:53.718Z"],"workRunningCount":1}
[debug] [2024-01-12T19:08:53.744Z] [work-queue] {"queuedWork":[],"queueLength":0,"runningWork":["/fir-1a20f/us-central1/api/payments/create-2024-01-12T19:08:53.718Z","/fir-1a20f/us-central1/api/payments/create-2024-01-12T19:08:53.744Z"],"workRunningCount":2}
[debug] [2024-01-12T19:08:53.745Z] Accepted request POST /fir-1a20f/us-central1/api/payments/create?total=0 --> us-central1-api
[debug] [2024-01-12T19:08:53.749Z] DEBUG: [functions] Runtime ready! Sending request!
[debug] [2024-01-12T19:08:53.750Z] DEBUG: [functions] Got req.url=/fir-1a20f/us-central1/api/payments/create?total=0, mapping to path=/payments/create?total=0
[debug] [2024-01-12T19:08:53.753Z] DEBUG: [worker-pool] addWorker(us-central1-api)
[debug] [2024-01-12T19:08:53.753Z] DEBUG: [worker-pool] Adding worker with key us-central1-api, total=2
[debug] [2024-01-12T19:08:54.997Z] DEBUG: [runtime-status] [36062] Resolved module firebase-admin {"declared":true,"installed":true,"version":"11.5.0","resolution":"/Users/satyamsingh/Documents/Projects/React/ReactJS/amazon-clone-firebase/functions/node_modules/firebase-admin/lib/index.js"}
[debug] [2024-01-12T19:08:54.998Z] DEBUG: [runtime-status] [36061] Resolved module firebase-admin {"declared":true,"installed":true,"version":"11.5.0","resolution":"/Users/satyamsingh/Documents/Projects/React/ReactJS/amazon-clone-firebase/functions/node_modules/firebase-admin/lib/index.js"}
[debug] [2024-01-12T19:08:54.998Z] DEBUG: [runtime-status] [36062] Resolved module firebase-functions {"declared":true,"installed":true,"version":"4.2.1","resolution":"/Users/satyamsingh/Documents/Projects/React/ReactJS/amazon-clone-firebase/functions/node_modules/firebase-functions/lib/v1/index.js"}
[debug] [2024-01-12T19:08:54.998Z] DEBUG: [runtime-status] [36062] Outgoing network have been stubbed. [{"name":"http","status":"mocked"},{"name":"http","status":"mocked"},{"name":"https","status":"mocked"},{"name":"https","status":"mocked"},{"name":"net","status":"mocked"}]
[debug] [2024-01-12T19:08:54.999Z] DEBUG: [runtime-status] [36061] Resolved module firebase-functions {"declared":true,"installed":true,"version":"4.2.1","resolution":"/Users/satyamsingh/Documents/Projects/React/ReactJS/amazon-clone-firebase/functions/node_modules/firebase-functions/lib/v1/index.js"}
[debug] [2024-01-12T19:08:54.999Z] DEBUG: [runtime-status] [36061] Outgoing network have been stubbed. [{"name":"http","status":"mocked"},{"name":"http","status":"mocked"},{"name":"https","status":"mocked"},{"name":"https","status":"mocked"},{"name":"net","status":"mocked"}]
[debug] [2024-01-12T19:08:55.000Z] DEBUG: [runtime-status] [36062] Resolved module firebase-functions {"declared":true,"installed":true,"version":"4.2.1","resolution":"/Users/satyamsingh/Documents/Projects/React/ReactJS/amazon-clone-firebase/functions/node_modules/firebase-functions/lib/v1/index.js"}
[debug] [2024-01-12T19:08:55.000Z] DEBUG: [runtime-status] [36061] Resolved module firebase-functions {"declared":true,"installed":true,"version":"4.2.1","resolution":"/Users/satyamsingh/Documents/Projects/React/ReactJS/amazon-clone-firebase/functions/node_modules/firebase-functions/lib/v1/index.js"}
[debug] [2024-01-12T19:08:55.318Z] DEBUG: [runtime-status] [36061] Checked functions.config() {"config":{}}
[debug] [2024-01-12T19:08:55.319Z] DEBUG: [runtime-status] [36061] firebase-functions has been stubbed. {"functionsResolution":{"declared":true,"installed":true,"version":"4.2.1","resolution":"/Users/satyamsingh/Documents/Projects/React/ReactJS/amazon-clone-firebase/functions/node_modules/firebase-functions/lib/v1/index.js"}}
[debug] [2024-01-12T19:08:55.320Z] DEBUG: [runtime-status] [36062] Checked functions.config() {"config":{}}
[debug] [2024-01-12T19:08:55.320Z] DEBUG: [runtime-status] [36062] firebase-functions has been stubbed. {"functionsResolution":{"declared":true,"installed":true,"version":"4.2.1","resolution":"/Users/satyamsingh/Documents/Projects/React/ReactJS/amazon-clone-firebase/functions/node_modules/firebase-functions/lib/v1/index.js"}}
[debug] [2024-01-12T19:08:55.320Z] DEBUG: [runtime-status] [36062] Resolved module firebase-functions {"declared":true,"installed":true,"version":"4.2.1","resolution":"/Users/satyamsingh/Documents/Projects/React/ReactJS/amazon-clone-firebase/functions/node_modules/firebase-functions/lib/v1/index.js"}
[debug] [2024-01-12T19:08:55.320Z] DEBUG: [runtime-status] [36061] Resolved module firebase-functions {"declared":true,"installed":true,"version":"4.2.1","resolution":"/Users/satyamsingh/Documents/Projects/React/ReactJS/amazon-clone-firebase/functions/node_modules/firebase-functions/lib/v1/index.js"}
[debug] [2024-01-12T19:08:55.320Z] DEBUG: [runtime-status] [36061] Resolved module firebase-admin {"declared":true,"installed":true,"version":"11.5.0","resolution":"/Users/satyamsingh/Documents/Projects/React/ReactJS/amazon-clone-firebase/functions/node_modules/firebase-admin/lib/index.js"}
[debug] [2024-01-12T19:08:55.321Z] DEBUG: [runtime-status] [36062] Resolved module firebase-admin {"declared":true,"installed":true,"version":"11.5.0","resolution":"/Users/satyamsingh/Documents/Projects/React/ReactJS/amazon-clone-firebase/functions/node_modules/firebase-admin/lib/index.js"}
[debug] [2024-01-12T19:08:55.324Z] DEBUG: [runtime-status] [36062] Resolved module firebase-functions {"declared":true,"installed":true,"version":"4.2.1","resolution":"/Users/satyamsingh/Documents/Projects/React/ReactJS/amazon-clone-firebase/functions/node_modules/firebase-functions/lib/v1/index.js"}
[debug] [2024-01-12T19:08:55.324Z] DEBUG: [runtime-status] [36062] firebase-admin has been stubbed. {"adminResolution":{"declared":true,"installed":true,"version":"11.5.0","resolution":"/Users/satyamsingh/Documents/Projects/React/ReactJS/amazon-clone-firebase/functions/node_modules/firebase-admin/lib/index.js"}}
[debug] [2024-01-12T19:08:55.324Z] DEBUG: [runtime-status] [36061] Resolved module firebase-functions {"declared":true,"installed":true,"version":"4.2.1","resolution":"/Users/satyamsingh/Documents/Projects/React/ReactJS/amazon-clone-firebase/functions/node_modules/firebase-functions/lib/v1/index.js"}
[debug] [2024-01-12T19:08:55.324Z] DEBUG: [runtime-status] [36061] firebase-admin has been stubbed. {"adminResolution":{"declared":true,"installed":true,"version":"11.5.0","resolution":"/Users/satyamsingh/Documents/Projects/React/ReactJS/amazon-clone-firebase/functions/node_modules/firebase-admin/lib/index.js"}}
[debug] [2024-01-12T19:08:55.501Z] DEBUG: [runtime-status] [36062] Functions runtime initialized. {"cwd":"/Users/satyamsingh/Documents/Projects/React/ReactJS/amazon-clone-firebase/functions","node_version":"16.17.1"}
[debug] [2024-01-12T19:08:55.502Z] DEBUG: [runtime-status] [36061] Functions runtime initialized. {"cwd":"/Users/satyamsingh/Documents/Projects/React/ReactJS/amazon-clone-firebase/functions","node_version":"16.17.1"}
[debug] [2024-01-12T19:08:55.502Z] DEBUG: [runtime-status] [36062] Listening to port: /var/folders/x9/kw0vtkws58d4qr04nst8s7s80000gn/T/fire_emu_f2cefd3544c03cfa.sock
[debug] [2024-01-12T19:08:55.503Z] DEBUG: [runtime-status] [36061] Listening to port: /var/folders/x9/kw0vtkws58d4qr04nst8s7s80000gn/T/fire_emu_588d65ae54d90ba9.sock
[debug] [2024-01-12T19:08:55.589Z] DEBUG: [worker-us-central1-api-e66d1ce4-3bb2-4ca8-bbd9-bd18da52db46]: IDLE
[debug] [2024-01-12T19:08:55.590Z] DEBUG: [worker-pool] submitRequest(triggerId=us-central1-api)
[debug] [2024-01-12T19:08:55.590Z] [functions] Beginning execution of "us-central1-api"
[debug] [2024-01-12T19:08:55.590Z] DEBUG: [worker-us-central1-api-e66d1ce4-3bb2-4ca8-bbd9-bd18da52db46]: BUSY
[info] >  Payment Request Recieved BOOM!!! for this amount >>>  0 {"user":"Payment Request Recieved BOOM!!! for this amount >>>  0","metadata":{"emulator":{"name":"functions"},"function":{"name":"us-central1-api"},"extension":{},"message":"\u001b[90m> \u001b[39m Payment Request Recieved BOOM!!! for this amount >>>  0"}}
[debug] [2024-01-12T19:08:55.601Z] DEBUG: [worker-us-central1-api-7afd3c6e-e390-4fbf-8f65-7f8a6b185742]: IDLE
[debug] [2024-01-12T19:08:55.602Z] DEBUG: [worker-pool] submitRequest(triggerId=us-central1-api)
[debug] [2024-01-12T19:08:55.602Z] [functions] Beginning execution of "us-central1-api"
[debug] [2024-01-12T19:08:55.602Z] DEBUG: [worker-us-central1-api-7afd3c6e-e390-4fbf-8f65-7f8a6b185742]: BUSY
[info] >  Payment Request Recieved BOOM!!! for this amount >>>  0 {"user":"Payment Request Recieved BOOM!!! for this amount >>>  0","metadata":{"emulator":{"name":"functions"},"function":{"name":"us-central1-api"},"extension":{},"message":"\u001b[90m> \u001b[39m Payment Request Recieved BOOM!!! for this amount >>>  0"}}
[info] >  /Users/satyamsingh/Documents/Projects/React/ReactJS/amazon-clone-firebase/functions/node_modules/stripe/cjs/Error.js:10 {"user":"/Users/satyamsingh/Documents/Projects/React/ReactJS/amazon-clone-firebase/functions/node_modules/stripe/cjs/Error.js:10","metadata":{"emulator":{"name":"functions"},"function":{"name":"us-central1-api"},"extension":{},"message":"\u001b[90m> \u001b[39m /Users/satyamsingh/Documents/Projects/React/ReactJS/amazon-clone-firebase/functions/node_modules/stripe/cjs/Error.js:10"}}
[info] >              return new StripeInvalidRequestError(rawStripeError); {"user":"            return new StripeInvalidRequestError(rawStripeError);","metadata":{"emulator":{"name":"functions"},"function":{"name":"us-central1-api"},"extension":{},"message":"\u001b[90m> \u001b[39m             return new StripeInvalidRequestError(rawStripeError);"}}
[info] >                     ^ {"user":"                   ^","metadata":{"emulator":{"name":"functions"},"function":{"name":"us-central1-api"},"extension":{},"message":"\u001b[90m> \u001b[39m                    ^"}}
[info] >   {"user":"","metadata":{"emulator":{"name":"functions"},"function":{"name":"us-central1-api"},"extension":{},"message":"\u001b[90m> \u001b[39m "}}
[info] >  StripeInvalidRequestError: This value must be greater than or equal to 1. {"user":"StripeInvalidRequestError: This value must be greater than or equal to 1.","metadata":{"emulator":{"name":"functions"},"function":{"name":"us-central1-api"},"extension":{},"message":"\u001b[90m> \u001b[39m StripeInvalidRequestError: This value must be greater than or equal to 1."}}
[info] >      at Function.generate (/Users/satyamsingh/Documents/Projects/React/ReactJS/amazon-clone-firebase/functions/node_modules/stripe/cjs/Error.js:10:20) {"user":"    at Function.generate (/Users/satyamsingh/Documents/Projects/React/ReactJS/amazon-clone-firebase/functions/node_modules/stripe/cjs/Error.js:10:20)","metadata":{"emulator":{"name":"functions"},"function":{"name":"us-central1-api"},"extension":{},"message":"\u001b[90m> \u001b[39m     at Function.generate (/Users/satyamsingh/Documents/Projects/React/ReactJS/amazon-clone-firebase/functions/node_modules/stripe/cjs/Error.js:10:20)"}}
[info] >      at res.toJSON.then.Error_js_1.StripeAPIError.message (/Users/satyamsingh/Documents/Projects/React/ReactJS/amazon-clone-firebase/functions/node_modules/stripe/cjs/RequestSender.js:105:54) {"user":"    at res.toJSON.then.Error_js_1.StripeAPIError.message (/Users/satyamsingh/Documents/Projects/React/ReactJS/amazon-clone-firebase/functions/node_modules/stripe/cjs/RequestSender.js:105:54)","metadata":{"emulator":{"name":"functions"},"function":{"name":"us-central1-api"},"extension":{},"message":"\u001b[90m> \u001b[39m     at res.toJSON.then.Error_js_1.StripeAPIError.message (/Users/satyamsingh/Documents/Projects/React/ReactJS/amazon-clone-firebase/functions/node_modules/stripe/cjs/RequestSender.js:105:54)"}}
[info] >      at processTicksAndRejections (node:internal/process/task_queues:96:5) { {"user":"    at processTicksAndRejections (node:internal/process/task_queues:96:5) {","metadata":{"emulator":{"name":"functions"},"function":{"name":"us-central1-api"},"extension":{},"message":"\u001b[90m> \u001b[39m     at processTicksAndRejections (node:internal/process/task_queues:96:5) {"}}
[info] >    type: 'StripeInvalidRequestError', {"user":"  type: 'StripeInvalidRequestError',","metadata":{"emulator":{"name":"functions"},"function":{"name":"us-central1-api"},"extension":{},"message":"\u001b[90m> \u001b[39m   type: 'StripeInvalidRequestError',"}}
[info] >    raw: { {"user":"  raw: {","metadata":{"emulator":{"name":"functions"},"function":{"name":"us-central1-api"},"extension":{},"message":"\u001b[90m> \u001b[39m   raw: {"}}
[info] >      code: 'parameter_invalid_integer', {"user":"    code: 'parameter_invalid_integer',","metadata":{"emulator":{"name":"functions"},"function":{"name":"us-central1-api"},"extension":{},"message":"\u001b[90m> \u001b[39m     code: 'parameter_invalid_integer',"}}
[info] >      doc_url: 'https://stripe.com/docs/error-codes/parameter-invalid-integer', {"user":"    doc_url: 'https://stripe.com/docs/error-codes/parameter-invalid-integer',","metadata":{"emulator":{"name":"functions"},"function":{"name":"us-central1-api"},"extension":{},"message":"\u001b[90m> \u001b[39m     doc_url: 'https://stripe.com/docs/error-codes/parameter-invalid-integer',"}}
[info] >      message: 'This value must be greater than or equal to 1.', {"user":"    message: 'This value must be greater than or equal to 1.',","metadata":{"emulator":{"name":"functions"},"function":{"name":"us-central1-api"},"extension":{},"message":"\u001b[90m> \u001b[39m     message: 'This value must be greater than or equal to 1.',"}}
[info] >      param: 'amount', {"user":"    param: 'amount',","metadata":{"emulator":{"name":"functions"},"function":{"name":"us-central1-api"},"extension":{},"message":"\u001b[90m> \u001b[39m     param: 'amount',"}}
[info] >      request_log_url: 'https://dashboard.stripe.com/test/logs/req_oIB22SR6IuukGZ?t=1705086535', {"user":"    request_log_url: 'https://dashboard.stripe.com/test/logs/req_oIB22SR6IuukGZ?t=1705086535',","metadata":{"emulator":{"name":"functions"},"function":{"name":"us-central1-api"},"extension":{},"message":"\u001b[90m> \u001b[39m     request_log_url: 'https://dashboard.stripe.com/test/logs/req_oIB22SR6IuukGZ?t=1705086535',"}}
[info] >      type: 'invalid_request_error', {"user":"    type: 'invalid_request_error',","metadata":{"emulator":{"name":"functions"},"function":{"name":"us-central1-api"},"extension":{},"message":"\u001b[90m> \u001b[39m     type: 'invalid_request_error',"}}
[info] >      headers: { {"user":"    headers: {","metadata":{"emulator":{"name":"functions"},"function":{"name":"us-central1-api"},"extension":{},"message":"\u001b[90m> \u001b[39m     headers: {"}}
[info] >        server: 'nginx', {"user":"      server: 'nginx',","metadata":{"emulator":{"name":"functions"},"function":{"name":"us-central1-api"},"extension":{},"message":"\u001b[90m> \u001b[39m       server: 'nginx',"}}
[info] >        date: 'Fri, 12 Jan 2024 19:08:56 GMT', {"user":"      date: 'Fri, 12 Jan 2024 19:08:56 GMT',","metadata":{"emulator":{"name":"functions"},"function":{"name":"us-central1-api"},"extension":{},"message":"\u001b[90m> \u001b[39m       date: 'Fri, 12 Jan 2024 19:08:56 GMT',"}}
[info] >        'content-type': 'application/json', {"user":"      'content-type': 'application/json',","metadata":{"emulator":{"name":"functions"},"function":{"name":"us-central1-api"},"extension":{},"message":"\u001b[90m> \u001b[39m       'content-type': 'application/json',"}}
[info] >        'content-length': '363', {"user":"      'content-length': '363',","metadata":{"emulator":{"name":"functions"},"function":{"name":"us-central1-api"},"extension":{},"message":"\u001b[90m> \u001b[39m       'content-length': '363',"}}
[info] >        connection: 'keep-alive', {"user":"      connection: 'keep-alive',","metadata":{"emulator":{"name":"functions"},"function":{"name":"us-central1-api"},"extension":{},"message":"\u001b[90m> \u001b[39m       connection: 'keep-alive',"}}
[info] >        'access-control-allow-credentials': 'true', {"user":"      'access-control-allow-credentials': 'true',","metadata":{"emulator":{"name":"functions"},"function":{"name":"us-central1-api"},"extension":{},"message":"\u001b[90m> \u001b[39m       'access-control-allow-credentials': 'true',"}}
[info] >        'access-control-allow-methods': 'GET,HEAD,PUT,PATCH,POST,DELETE', {"user":"      'access-control-allow-methods': 'GET,HEAD,PUT,PATCH,POST,DELETE',","metadata":{"emulator":{"name":"functions"},"function":{"name":"us-central1-api"},"extension":{},"message":"\u001b[90m> \u001b[39m       'access-control-allow-methods': 'GET,HEAD,PUT,PATCH,POST,DELETE',"}}
[info] >        'access-control-allow-origin': '*', {"user":"      'access-control-allow-origin': '*',","metadata":{"emulator":{"name":"functions"},"function":{"name":"us-central1-api"},"extension":{},"message":"\u001b[90m> \u001b[39m       'access-control-allow-origin': '*',"}}
[info] >        'access-control-expose-headers': 'Request-Id, Stripe-Manage-Version, Stripe-Should-Retry, X-Stripe-External-Auth-Required, X-Stripe-Privileged-Session-Required', {"user":"      'access-control-expose-headers': 'Request-Id, Stripe-Manage-Version, Stripe-Should-Retry, X-Stripe-External-Auth-Required, X-Stripe-Privileged-Session-Required',","metadata":{"emulator":{"name":"functions"},"function":{"name":"us-central1-api"},"extension":{},"message":"\u001b[90m> \u001b[39m       'access-control-expose-headers': 'Request-Id, Stripe-Manage-Version, Stripe-Should-Retry, X-Stripe-External-Auth-Required, X-Stripe-Privileged-Session-Required',"}}
[info] >        'access-control-max-age': '300', {"user":"      'access-control-max-age': '300',","metadata":{"emulator":{"name":"functions"},"function":{"name":"us-central1-api"},"extension":{},"message":"\u001b[90m> \u001b[39m       'access-control-max-age': '300',"}}
[info] >        'cache-control': 'no-cache, no-store', {"user":"      'cache-control': 'no-cache, no-store',","metadata":{"emulator":{"name":"functions"},"function":{"name":"us-central1-api"},"extension":{},"message":"\u001b[90m> \u001b[39m       'cache-control': 'no-cache, no-store',"}}
[info] >        'content-security-policy': "report-uri https://q.stripe.com/csp-report?p=v1%2Fpayment_intents; block-all-mixed-content; default-src 'none'; base-uri 'none'; form-action 'none'; frame-ancestors 'none'; img-src 'self'; script-src 'self' 'report-sample'; style-src 'self'", {"user":"      'content-security-policy': \"report-uri https://q.stripe.com/csp-report?p=v1%2Fpayment_intents; block-all-mixed-content; default-src 'none'; base-uri 'none'; form-action 'none'; frame-ancestors 'none'; img-src 'self'; script-src 'self' 'report-sample'; style-src 'self'\",","metadata":{"emulator":{"name":"functions"},"function":{"name":"us-central1-api"},"extension":{},"message":"\u001b[90m> \u001b[39m       'content-security-policy': \"report-uri https://q.stripe.com/csp-report?p=v1%2Fpayment_intents; block-all-mixed-content; default-src 'none'; base-uri 'none'; form-action 'none'; frame-ancestors 'none'; img-src 'self'; script-src 'self' 'report-sample'; style-src 'self'\","}}
[info] >        'idempotency-key': '6037c4bb-184b-4ba2-82dd-50661d6ce9a6', {"user":"      'idempotency-key': '6037c4bb-184b-4ba2-82dd-50661d6ce9a6',","metadata":{"emulator":{"name":"functions"},"function":{"name":"us-central1-api"},"extension":{},"message":"\u001b[90m> \u001b[39m       'idempotency-key': '6037c4bb-184b-4ba2-82dd-50661d6ce9a6',"}}
[info] >        'original-request': 'req_oIB22SR6IuukGZ', {"user":"      'original-request': 'req_oIB22SR6IuukGZ',","metadata":{"emulator":{"name":"functions"},"function":{"name":"us-central1-api"},"extension":{},"message":"\u001b[90m> \u001b[39m       'original-request': 'req_oIB22SR6IuukGZ',"}}
[info] >        'request-id': 'req_oIB22SR6IuukGZ', {"user":"      'request-id': 'req_oIB22SR6IuukGZ',","metadata":{"emulator":{"name":"functions"},"function":{"name":"us-central1-api"},"extension":{},"message":"\u001b[90m> \u001b[39m       'request-id': 'req_oIB22SR6IuukGZ',"}}
[info] >        'stripe-version': '2020-08-27', {"user":"      'stripe-version': '2020-08-27',","metadata":{"emulator":{"name":"functions"},"function":{"name":"us-central1-api"},"extension":{},"message":"\u001b[90m> \u001b[39m       'stripe-version': '2020-08-27',"}}
[info] >        vary: 'Origin', {"user":"      vary: 'Origin',","metadata":{"emulator":{"name":"functions"},"function":{"name":"us-central1-api"},"extension":{},"message":"\u001b[90m> \u001b[39m       vary: 'Origin',"}}
[info] >        'x-stripe-routing-context-priority-tier': 'api-testmode', {"user":"      'x-stripe-routing-context-priority-tier': 'api-testmode',","metadata":{"emulator":{"name":"functions"},"function":{"name":"us-central1-api"},"extension":{},"message":"\u001b[90m> \u001b[39m       'x-stripe-routing-context-priority-tier': 'api-testmode',"}}
[info] >        'strict-transport-security': 'max-age=63072000; includeSubDomains; preload' {"user":"      'strict-transport-security': 'max-age=63072000; includeSubDomains; preload'","metadata":{"emulator":{"name":"functions"},"function":{"name":"us-central1-api"},"extension":{},"message":"\u001b[90m> \u001b[39m       'strict-transport-security': 'max-age=63072000; includeSubDomains; preload'"}}
[info] >      }, {"user":"    },","metadata":{"emulator":{"name":"functions"},"function":{"name":"us-central1-api"},"extension":{},"message":"\u001b[90m> \u001b[39m     },"}}
[info] >      statusCode: 400, {"user":"    statusCode: 400,","metadata":{"emulator":{"name":"functions"},"function":{"name":"us-central1-api"},"extension":{},"message":"\u001b[90m> \u001b[39m     statusCode: 400,"}}
[info] >      requestId: 'req_oIB22SR6IuukGZ' {"user":"    requestId: 'req_oIB22SR6IuukGZ'","metadata":{"emulator":{"name":"functions"},"function":{"name":"us-central1-api"},"extension":{},"message":"\u001b[90m> \u001b[39m     requestId: 'req_oIB22SR6IuukGZ'"}}
[info] >    }, {"user":"  },","metadata":{"emulator":{"name":"functions"},"function":{"name":"us-central1-api"},"extension":{},"message":"\u001b[90m> \u001b[39m   },"}}
[info] >    rawType: 'invalid_request_error', {"user":"  rawType: 'invalid_request_error',","metadata":{"emulator":{"name":"functions"},"function":{"name":"us-central1-api"},"extension":{},"message":"\u001b[90m> \u001b[39m   rawType: 'invalid_request_error',"}}
[info] >    code: 'parameter_invalid_integer', {"user":"  code: 'parameter_invalid_integer',","metadata":{"emulator":{"name":"functions"},"function":{"name":"us-central1-api"},"extension":{},"message":"\u001b[90m> \u001b[39m   code: 'parameter_invalid_integer',"}}
[info] >    doc_url: 'https://stripe.com/docs/error-codes/parameter-invalid-integer', {"user":"  doc_url: 'https://stripe.com/docs/error-codes/parameter-invalid-integer',","metadata":{"emulator":{"name":"functions"},"function":{"name":"us-central1-api"},"extension":{},"message":"\u001b[90m> \u001b[39m   doc_url: 'https://stripe.com/docs/error-codes/parameter-invalid-integer',"}}
[info] >    param: 'amount', {"user":"  param: 'amount',","metadata":{"emulator":{"name":"functions"},"function":{"name":"us-central1-api"},"extension":{},"message":"\u001b[90m> \u001b[39m   param: 'amount',"}}
[info] >    detail: undefined, {"user":"  detail: undefined,","metadata":{"emulator":{"name":"functions"},"function":{"name":"us-central1-api"},"extension":{},"message":"\u001b[90m> \u001b[39m   detail: undefined,"}}
[info] >    headers: { {"user":"  headers: {","metadata":{"emulator":{"name":"functions"},"function":{"name":"us-central1-api"},"extension":{},"message":"\u001b[90m> \u001b[39m   headers: {"}}
[info] >      server: 'nginx', {"user":"    server: 'nginx',","metadata":{"emulator":{"name":"functions"},"function":{"name":"us-central1-api"},"extension":{},"message":"\u001b[90m> \u001b[39m     server: 'nginx',"}}
[info] >      date: 'Fri, 12 Jan 2024 19:08:56 GMT', {"user":"    date: 'Fri, 12 Jan 2024 19:08:56 GMT',","metadata":{"emulator":{"name":"functions"},"function":{"name":"us-central1-api"},"extension":{},"message":"\u001b[90m> \u001b[39m     date: 'Fri, 12 Jan 2024 19:08:56 GMT',"}}
[info] >      'content-type': 'application/json', {"user":"    'content-type': 'application/json',","metadata":{"emulator":{"name":"functions"},"function":{"name":"us-central1-api"},"extension":{},"message":"\u001b[90m> \u001b[39m     'content-type': 'application/json',"}}
[info] >      'content-length': '363', {"user":"    'content-length': '363',","metadata":{"emulator":{"name":"functions"},"function":{"name":"us-central1-api"},"extension":{},"message":"\u001b[90m> \u001b[39m     'content-length': '363',"}}
[info] >      connection: 'keep-alive', {"user":"    connection: 'keep-alive',","metadata":{"emulator":{"name":"functions"},"function":{"name":"us-central1-api"},"extension":{},"message":"\u001b[90m> \u001b[39m     connection: 'keep-alive',"}}
[info] >      'access-control-allow-credentials': 'true', {"user":"    'access-control-allow-credentials': 'true',","metadata":{"emulator":{"name":"functions"},"function":{"name":"us-central1-api"},"extension":{},"message":"\u001b[90m> \u001b[39m     'access-control-allow-credentials': 'true',"}}
[info] >      'access-control-allow-methods': 'GET,HEAD,PUT,PATCH,POST,DELETE', {"user":"    'access-control-allow-methods': 'GET,HEAD,PUT,PATCH,POST,DELETE',","metadata":{"emulator":{"name":"functions"},"function":{"name":"us-central1-api"},"extension":{},"message":"\u001b[90m> \u001b[39m     'access-control-allow-methods': 'GET,HEAD,PUT,PATCH,POST,DELETE',"}}
[info] >      'access-control-allow-origin': '*', {"user":"    'access-control-allow-origin': '*',","metadata":{"emulator":{"name":"functions"},"function":{"name":"us-central1-api"},"extension":{},"message":"\u001b[90m> \u001b[39m     'access-control-allow-origin': '*',"}}
[info] >      'access-control-expose-headers': 'Request-Id, Stripe-Manage-Version, Stripe-Should-Retry, X-Stripe-External-Auth-Required, X-Stripe-Privileged-Session-Required', {"user":"    'access-control-expose-headers': 'Request-Id, Stripe-Manage-Version, Stripe-Should-Retry, X-Stripe-External-Auth-Required, X-Stripe-Privileged-Session-Required',","metadata":{"emulator":{"name":"functions"},"function":{"name":"us-central1-api"},"extension":{},"message":"\u001b[90m> \u001b[39m     'access-control-expose-headers': 'Request-Id, Stripe-Manage-Version, Stripe-Should-Retry, X-Stripe-External-Auth-Required, X-Stripe-Privileged-Session-Required',"}}
[info] >      'access-control-max-age': '300', {"user":"    'access-control-max-age': '300',","metadata":{"emulator":{"name":"functions"},"function":{"name":"us-central1-api"},"extension":{},"message":"\u001b[90m> \u001b[39m     'access-control-max-age': '300',"}}
[info] >      'cache-control': 'no-cache, no-store', {"user":"    'cache-control': 'no-cache, no-store',","metadata":{"emulator":{"name":"functions"},"function":{"name":"us-central1-api"},"extension":{},"message":"\u001b[90m> \u001b[39m     'cache-control': 'no-cache, no-store',"}}
[info] >      'content-security-policy': "report-uri https://q.stripe.com/csp-report?p=v1%2Fpayment_intents; block-all-mixed-content; default-src 'none'; base-uri 'none'; form-action 'none'; frame-ancestors 'none'; img-src 'self'; script-src 'self' 'report-sample'; style-src 'self'", {"user":"    'content-security-policy': \"report-uri https://q.stripe.com/csp-report?p=v1%2Fpayment_intents; block-all-mixed-content; default-src 'none'; base-uri 'none'; form-action 'none'; frame-ancestors 'none'; img-src 'self'; script-src 'self' 'report-sample'; style-src 'self'\",","metadata":{"emulator":{"name":"functions"},"function":{"name":"us-central1-api"},"extension":{},"message":"\u001b[90m> \u001b[39m     'content-security-policy': \"report-uri https://q.stripe.com/csp-report?p=v1%2Fpayment_intents; block-all-mixed-content; default-src 'none'; base-uri 'none'; form-action 'none'; frame-ancestors 'none'; img-src 'self'; script-src 'self' 'report-sample'; style-src 'self'\","}}
[info] >      'idempotency-key': '6037c4bb-184b-4ba2-82dd-50661d6ce9a6', {"user":"    'idempotency-key': '6037c4bb-184b-4ba2-82dd-50661d6ce9a6',","metadata":{"emulator":{"name":"functions"},"function":{"name":"us-central1-api"},"extension":{},"message":"\u001b[90m> \u001b[39m     'idempotency-key': '6037c4bb-184b-4ba2-82dd-50661d6ce9a6',"}}
[info] >      'original-request': 'req_oIB22SR6IuukGZ', {"user":"    'original-request': 'req_oIB22SR6IuukGZ',","metadata":{"emulator":{"name":"functions"},"function":{"name":"us-central1-api"},"extension":{},"message":"\u001b[90m> \u001b[39m     'original-request': 'req_oIB22SR6IuukGZ',"}}
[info] >      'request-id': 'req_oIB22SR6IuukGZ', {"user":"    'request-id': 'req_oIB22SR6IuukGZ',","metadata":{"emulator":{"name":"functions"},"function":{"name":"us-central1-api"},"extension":{},"message":"\u001b[90m> \u001b[39m     'request-id': 'req_oIB22SR6IuukGZ',"}}
[info] >      'stripe-version': '2020-08-27', {"user":"    'stripe-version': '2020-08-27',","metadata":{"emulator":{"name":"functions"},"function":{"name":"us-central1-api"},"extension":{},"message":"\u001b[90m> \u001b[39m     'stripe-version': '2020-08-27',"}}
[info] >      vary: 'Origin', {"user":"    vary: 'Origin',","metadata":{"emulator":{"name":"functions"},"function":{"name":"us-central1-api"},"extension":{},"message":"\u001b[90m> \u001b[39m     vary: 'Origin',"}}
[info] >      'x-stripe-routing-context-priority-tier': 'api-testmode', {"user":"    'x-stripe-routing-context-priority-tier': 'api-testmode',","metadata":{"emulator":{"name":"functions"},"function":{"name":"us-central1-api"},"extension":{},"message":"\u001b[90m> \u001b[39m     'x-stripe-routing-context-priority-tier': 'api-testmode',"}}
[info] >      'strict-transport-security': 'max-age=63072000; includeSubDomains; preload' {"user":"    'strict-transport-security': 'max-age=63072000; includeSubDomains; preload'","metadata":{"emulator":{"name":"functions"},"function":{"name":"us-central1-api"},"extension":{},"message":"\u001b[90m> \u001b[39m     'strict-transport-security': 'max-age=63072000; includeSubDomains; preload'"}}
[info] >    }, {"user":"  },","metadata":{"emulator":{"name":"functions"},"function":{"name":"us-central1-api"},"extension":{},"message":"\u001b[90m> \u001b[39m   },"}}
[info] >    requestId: 'req_oIB22SR6IuukGZ', {"user":"  requestId: 'req_oIB22SR6IuukGZ',","metadata":{"emulator":{"name":"functions"},"function":{"name":"us-central1-api"},"extension":{},"message":"\u001b[90m> \u001b[39m   requestId: 'req_oIB22SR6IuukGZ',"}}
[info] >    statusCode: 400, {"user":"  statusCode: 400,","metadata":{"emulator":{"name":"functions"},"function":{"name":"us-central1-api"},"extension":{},"message":"\u001b[90m> \u001b[39m   statusCode: 400,"}}
[info] >    charge: undefined, {"user":"  charge: undefined,","metadata":{"emulator":{"name":"functions"},"function":{"name":"us-central1-api"},"extension":{},"message":"\u001b[90m> \u001b[39m   charge: undefined,"}}
[info] >    decline_code: undefined, {"user":"  decline_code: undefined,","metadata":{"emulator":{"name":"functions"},"function":{"name":"us-central1-api"},"extension":{},"message":"\u001b[90m> \u001b[39m   decline_code: undefined,"}}
[info] >    payment_intent: undefined, {"user":"  payment_intent: undefined,","metadata":{"emulator":{"name":"functions"},"function":{"name":"us-central1-api"},"extension":{},"message":"\u001b[90m> \u001b[39m   payment_intent: undefined,"}}
[info] >    payment_method: undefined, {"user":"  payment_method: undefined,","metadata":{"emulator":{"name":"functions"},"function":{"name":"us-central1-api"},"extension":{},"message":"\u001b[90m> \u001b[39m   payment_method: undefined,"}}
[info] >    payment_method_type: undefined, {"user":"  payment_method_type: undefined,","metadata":{"emulator":{"name":"functions"},"function":{"name":"us-central1-api"},"extension":{},"message":"\u001b[90m> \u001b[39m   payment_method_type: undefined,"}}
[info] >    setup_intent: undefined, {"user":"  setup_intent: undefined,","metadata":{"emulator":{"name":"functions"},"function":{"name":"us-central1-api"},"extension":{},"message":"\u001b[90m> \u001b[39m   setup_intent: undefined,"}}
[info] >    source: undefined {"user":"  source: undefined","metadata":{"emulator":{"name":"functions"},"function":{"name":"us-central1-api"},"extension":{},"message":"\u001b[90m> \u001b[39m   source: undefined"}}
[info] >  } {"user":"}","metadata":{"emulator":{"name":"functions"},"function":{"name":"us-central1-api"},"extension":{},"message":"\u001b[90m> \u001b[39m }"}}
[info] >  /Users/satyamsingh/Documents/Projects/React/ReactJS/amazon-clone-firebase/functions/node_modules/stripe/cjs/Error.js:10 {"user":"/Users/satyamsingh/Documents/Projects/React/ReactJS/amazon-clone-firebase/functions/node_modules/stripe/cjs/Error.js:10","metadata":{"emulator":{"name":"functions"},"function":{"name":"us-central1-api"},"extension":{},"message":"\u001b[90m> \u001b[39m /Users/satyamsingh/Documents/Projects/React/ReactJS/amazon-clone-firebase/functions/node_modules/stripe/cjs/Error.js:10"}}
[info] >              return new StripeInvalidRequestError(rawStripeError); {"user":"            return new StripeInvalidRequestError(rawStripeError);","metadata":{"emulator":{"name":"functions"},"function":{"name":"us-central1-api"},"extension":{},"message":"\u001b[90m> \u001b[39m             return new StripeInvalidRequestError(rawStripeError);"}}
[info] >                     ^ {"user":"                   ^","metadata":{"emulator":{"name":"functions"},"function":{"name":"us-central1-api"},"extension":{},"message":"\u001b[90m> \u001b[39m                    ^"}}
[info] >   {"user":"","metadata":{"emulator":{"name":"functions"},"function":{"name":"us-central1-api"},"extension":{},"message":"\u001b[90m> \u001b[39m "}}
[info] >  StripeInvalidRequestError: This value must be greater than or equal to 1. {"user":"StripeInvalidRequestError: This value must be greater than or equal to 1.","metadata":{"emulator":{"name":"functions"},"function":{"name":"us-central1-api"},"extension":{},"message":"\u001b[90m> \u001b[39m StripeInvalidRequestError: This value must be greater than or equal to 1."}}
[info] >      at Function.generate (/Users/satyamsingh/Documents/Projects/React/ReactJS/amazon-clone-firebase/functions/node_modules/stripe/cjs/Error.js:10:20) {"user":"    at Function.generate (/Users/satyamsingh/Documents/Projects/React/ReactJS/amazon-clone-firebase/functions/node_modules/stripe/cjs/Error.js:10:20)","metadata":{"emulator":{"name":"functions"},"function":{"name":"us-central1-api"},"extension":{},"message":"\u001b[90m> \u001b[39m     at Function.generate (/Users/satyamsingh/Documents/Projects/React/ReactJS/amazon-clone-firebase/functions/node_modules/stripe/cjs/Error.js:10:20)"}}
[info] >      at res.toJSON.then.Error_js_1.StripeAPIError.message (/Users/satyamsingh/Documents/Projects/React/ReactJS/amazon-clone-firebase/functions/node_modules/stripe/cjs/RequestSender.js:105:54) {"user":"    at res.toJSON.then.Error_js_1.StripeAPIError.message (/Users/satyamsingh/Documents/Projects/React/ReactJS/amazon-clone-firebase/functions/node_modules/stripe/cjs/RequestSender.js:105:54)","metadata":{"emulator":{"name":"functions"},"function":{"name":"us-central1-api"},"extension":{},"message":"\u001b[90m> \u001b[39m     at res.toJSON.then.Error_js_1.StripeAPIError.message (/Users/satyamsingh/Documents/Projects/React/ReactJS/amazon-clone-firebase/functions/node_modules/stripe/cjs/RequestSender.js:105:54)"}}
[info] >      at processTicksAndRejections (node:internal/process/task_queues:96:5) { {"user":"    at processTicksAndRejections (node:internal/process/task_queues:96:5) {","metadata":{"emulator":{"name":"functions"},"function":{"name":"us-central1-api"},"extension":{},"message":"\u001b[90m> \u001b[39m     at processTicksAndRejections (node:internal/process/task_queues:96:5) {"}}
[info] >    type: 'StripeInvalidRequestError', {"user":"  type: 'StripeInvalidRequestError',","metadata":{"emulator":{"name":"functions"},"function":{"name":"us-central1-api"},"extension":{},"message":"\u001b[90m> \u001b[39m   type: 'StripeInvalidRequestError',"}}
[info] >    raw: { {"user":"  raw: {","metadata":{"emulator":{"name":"functions"},"function":{"name":"us-central1-api"},"extension":{},"message":"\u001b[90m> \u001b[39m   raw: {"}}
[info] >      code: 'parameter_invalid_integer', {"user":"    code: 'parameter_invalid_integer',","metadata":{"emulator":{"name":"functions"},"function":{"name":"us-central1-api"},"extension":{},"message":"\u001b[90m> \u001b[39m     code: 'parameter_invalid_integer',"}}
[info] >      doc_url: 'https://stripe.com/docs/error-codes/parameter-invalid-integer', {"user":"    doc_url: 'https://stripe.com/docs/error-codes/parameter-invalid-integer',","metadata":{"emulator":{"name":"functions"},"function":{"name":"us-central1-api"},"extension":{},"message":"\u001b[90m> \u001b[39m     doc_url: 'https://stripe.com/docs/error-codes/parameter-invalid-integer',"}}
[info] >      message: 'This value must be greater than or equal to 1.', {"user":"    message: 'This value must be greater than or equal to 1.',","metadata":{"emulator":{"name":"functions"},"function":{"name":"us-central1-api"},"extension":{},"message":"\u001b[90m> \u001b[39m     message: 'This value must be greater than or equal to 1.',"}}
[info] >      param: 'amount', {"user":"    param: 'amount',","metadata":{"emulator":{"name":"functions"},"function":{"name":"us-central1-api"},"extension":{},"message":"\u001b[90m> \u001b[39m     param: 'amount',"}}
[info] >      request_log_url: 'https://dashboard.stripe.com/test/logs/req_jMbjXNSsEmtiJD?t=1705086535', {"user":"    request_log_url: 'https://dashboard.stripe.com/test/logs/req_jMbjXNSsEmtiJD?t=1705086535',","metadata":{"emulator":{"name":"functions"},"function":{"name":"us-central1-api"},"extension":{},"message":"\u001b[90m> \u001b[39m     request_log_url: 'https://dashboard.stripe.com/test/logs/req_jMbjXNSsEmtiJD?t=1705086535',"}}
[info] >      type: 'invalid_request_error', {"user":"    type: 'invalid_request_error',","metadata":{"emulator":{"name":"functions"},"function":{"name":"us-central1-api"},"extension":{},"message":"\u001b[90m> \u001b[39m     type: 'invalid_request_error',"}}
[info] >      headers: { {"user":"    headers: {","metadata":{"emulator":{"name":"functions"},"function":{"name":"us-central1-api"},"extension":{},"message":"\u001b[90m> \u001b[39m     headers: {"}}
[info] >        server: 'nginx', {"user":"      server: 'nginx',","metadata":{"emulator":{"name":"functions"},"function":{"name":"us-central1-api"},"extension":{},"message":"\u001b[90m> \u001b[39m       server: 'nginx',"}}
[info] >        date: 'Fri, 12 Jan 2024 19:08:56 GMT', {"user":"      date: 'Fri, 12 Jan 2024 19:08:56 GMT',","metadata":{"emulator":{"name":"functions"},"function":{"name":"us-central1-api"},"extension":{},"message":"\u001b[90m> \u001b[39m       date: 'Fri, 12 Jan 2024 19:08:56 GMT',"}}
[info] >        'content-type': 'application/json', {"user":"      'content-type': 'application/json',","metadata":{"emulator":{"name":"functions"},"function":{"name":"us-central1-api"},"extension":{},"message":"\u001b[90m> \u001b[39m       'content-type': 'application/json',"}}
[info] >        'content-length': '363', {"user":"      'content-length': '363',","metadata":{"emulator":{"name":"functions"},"function":{"name":"us-central1-api"},"extension":{},"message":"\u001b[90m> \u001b[39m       'content-length': '363',"}}
[info] >        connection: 'keep-alive', {"user":"      connection: 'keep-alive',","metadata":{"emulator":{"name":"functions"},"function":{"name":"us-central1-api"},"extension":{},"message":"\u001b[90m> \u001b[39m       connection: 'keep-alive',"}}
[info] >        'access-control-allow-credentials': 'true', {"user":"      'access-control-allow-credentials': 'true',","metadata":{"emulator":{"name":"functions"},"function":{"name":"us-central1-api"},"extension":{},"message":"\u001b[90m> \u001b[39m       'access-control-allow-credentials': 'true',"}}
[info] >        'access-control-allow-methods': 'GET,HEAD,PUT,PATCH,POST,DELETE', {"user":"      'access-control-allow-methods': 'GET,HEAD,PUT,PATCH,POST,DELETE',","metadata":{"emulator":{"name":"functions"},"function":{"name":"us-central1-api"},"extension":{},"message":"\u001b[90m> \u001b[39m       'access-control-allow-methods': 'GET,HEAD,PUT,PATCH,POST,DELETE',"}}
[info] >        'access-control-allow-origin': '*', {"user":"      'access-control-allow-origin': '*',","metadata":{"emulator":{"name":"functions"},"function":{"name":"us-central1-api"},"extension":{},"message":"\u001b[90m> \u001b[39m       'access-control-allow-origin': '*',"}}
[info] >        'access-control-expose-headers': 'Request-Id, Stripe-Manage-Version, Stripe-Should-Retry, X-Stripe-External-Auth-Required, X-Stripe-Privileged-Session-Required', {"user":"      'access-control-expose-headers': 'Request-Id, Stripe-Manage-Version, Stripe-Should-Retry, X-Stripe-External-Auth-Required, X-Stripe-Privileged-Session-Required',","metadata":{"emulator":{"name":"functions"},"function":{"name":"us-central1-api"},"extension":{},"message":"\u001b[90m> \u001b[39m       'access-control-expose-headers': 'Request-Id, Stripe-Manage-Version, Stripe-Should-Retry, X-Stripe-External-Auth-Required, X-Stripe-Privileged-Session-Required',"}}
[info] >        'access-control-max-age': '300', {"user":"      'access-control-max-age': '300',","metadata":{"emulator":{"name":"functions"},"function":{"name":"us-central1-api"},"extension":{},"message":"\u001b[90m> \u001b[39m       'access-control-max-age': '300',"}}
[info] >        'cache-control': 'no-cache, no-store', {"user":"      'cache-control': 'no-cache, no-store',","metadata":{"emulator":{"name":"functions"},"function":{"name":"us-central1-api"},"extension":{},"message":"\u001b[90m> \u001b[39m       'cache-control': 'no-cache, no-store',"}}
[info] >        'content-security-policy': "report-uri https://q.stripe.com/csp-report?p=v1%2Fpayment_intents; block-all-mixed-content; default-src 'none'; base-uri 'none'; form-action 'none'; frame-ancestors 'none'; img-src 'self'; script-src 'self' 'report-sample'; style-src 'self'", {"user":"      'content-security-policy': \"report-uri https://q.stripe.com/csp-report?p=v1%2Fpayment_intents; block-all-mixed-content; default-src 'none'; base-uri 'none'; form-action 'none'; frame-ancestors 'none'; img-src 'self'; script-src 'self' 'report-sample'; style-src 'self'\",","metadata":{"emulator":{"name":"functions"},"function":{"name":"us-central1-api"},"extension":{},"message":"\u001b[90m> \u001b[39m       'content-security-policy': \"report-uri https://q.stripe.com/csp-report?p=v1%2Fpayment_intents; block-all-mixed-content; default-src 'none'; base-uri 'none'; form-action 'none'; frame-ancestors 'none'; img-src 'self'; script-src 'self' 'report-sample'; style-src 'self'\","}}
[info] >        'idempotency-key': '39725daf-65a6-446c-9eea-3a8fb1382436', {"user":"      'idempotency-key': '39725daf-65a6-446c-9eea-3a8fb1382436',","metadata":{"emulator":{"name":"functions"},"function":{"name":"us-central1-api"},"extension":{},"message":"\u001b[90m> \u001b[39m       'idempotency-key': '39725daf-65a6-446c-9eea-3a8fb1382436',"}}
[info] >        'original-request': 'req_jMbjXNSsEmtiJD', {"user":"      'original-request': 'req_jMbjXNSsEmtiJD',","metadata":{"emulator":{"name":"functions"},"function":{"name":"us-central1-api"},"extension":{},"message":"\u001b[90m> \u001b[39m       'original-request': 'req_jMbjXNSsEmtiJD',"}}
[info] >        'request-id': 'req_jMbjXNSsEmtiJD', {"user":"      'request-id': 'req_jMbjXNSsEmtiJD',","metadata":{"emulator":{"name":"functions"},"function":{"name":"us-central1-api"},"extension":{},"message":"\u001b[90m> \u001b[39m       'request-id': 'req_jMbjXNSsEmtiJD',"}}
[info] >        'stripe-version': '2020-08-27', {"user":"      'stripe-version': '2020-08-27',","metadata":{"emulator":{"name":"functions"},"function":{"name":"us-central1-api"},"extension":{},"message":"\u001b[90m> \u001b[39m       'stripe-version': '2020-08-27',"}}
[info] >        vary: 'Origin', {"user":"      vary: 'Origin',","metadata":{"emulator":{"name":"functions"},"function":{"name":"us-central1-api"},"extension":{},"message":"\u001b[90m> \u001b[39m       vary: 'Origin',"}}
[info] >        'x-stripe-routing-context-priority-tier': 'api-testmode', {"user":"      'x-stripe-routing-context-priority-tier': 'api-testmode',","metadata":{"emulator":{"name":"functions"},"function":{"name":"us-central1-api"},"extension":{},"message":"\u001b[90m> \u001b[39m       'x-stripe-routing-context-priority-tier': 'api-testmode',"}}
[info] >        'strict-transport-security': 'max-age=63072000; includeSubDomains; preload' {"user":"      'strict-transport-security': 'max-age=63072000; includeSubDomains; preload'","metadata":{"emulator":{"name":"functions"},"function":{"name":"us-central1-api"},"extension":{},"message":"\u001b[90m> \u001b[39m       'strict-transport-security': 'max-age=63072000; includeSubDomains; preload'"}}
[info] >      }, {"user":"    },","metadata":{"emulator":{"name":"functions"},"function":{"name":"us-central1-api"},"extension":{},"message":"\u001b[90m> \u001b[39m     },"}}
[info] >      statusCode: 400, {"user":"    statusCode: 400,","metadata":{"emulator":{"name":"functions"},"function":{"name":"us-central1-api"},"extension":{},"message":"\u001b[90m> \u001b[39m     statusCode: 400,"}}
[info] >      requestId: 'req_jMbjXNSsEmtiJD' {"user":"    requestId: 'req_jMbjXNSsEmtiJD'","metadata":{"emulator":{"name":"functions"},"function":{"name":"us-central1-api"},"extension":{},"message":"\u001b[90m> \u001b[39m     requestId: 'req_jMbjXNSsEmtiJD'"}}
[info] >    }, {"user":"  },","metadata":{"emulator":{"name":"functions"},"function":{"name":"us-central1-api"},"extension":{},"message":"\u001b[90m> \u001b[39m   },"}}
[info] >    rawType: 'invalid_request_error', {"user":"  rawType: 'invalid_request_error',","metadata":{"emulator":{"name":"functions"},"function":{"name":"us-central1-api"},"extension":{},"message":"\u001b[90m> \u001b[39m   rawType: 'invalid_request_error',"}}
[info] >    code: 'parameter_invalid_integer', {"user":"  code: 'parameter_invalid_integer',","metadata":{"emulator":{"name":"functions"},"function":{"name":"us-central1-api"},"extension":{},"message":"\u001b[90m> \u001b[39m   code: 'parameter_invalid_integer',"}}
[info] >    doc_url: 'https://stripe.com/docs/error-codes/parameter-invalid-integer', {"user":"  doc_url: 'https://stripe.com/docs/error-codes/parameter-invalid-integer',","metadata":{"emulator":{"name":"functions"},"function":{"name":"us-central1-api"},"extension":{},"message":"\u001b[90m> \u001b[39m   doc_url: 'https://stripe.com/docs/error-codes/parameter-invalid-integer',"}}
[info] >    param: 'amount', {"user":"  param: 'amount',","metadata":{"emulator":{"name":"functions"},"function":{"name":"us-central1-api"},"extension":{},"message":"\u001b[90m> \u001b[39m   param: 'amount',"}}
[info] >    detail: undefined, {"user":"  detail: undefined,","metadata":{"emulator":{"name":"functions"},"function":{"name":"us-central1-api"},"extension":{},"message":"\u001b[90m> \u001b[39m   detail: undefined,"}}
[info] >    headers: { {"user":"  headers: {","metadata":{"emulator":{"name":"functions"},"function":{"name":"us-central1-api"},"extension":{},"message":"\u001b[90m> \u001b[39m   headers: {"}}
[info] >      server: 'nginx', {"user":"    server: 'nginx',","metadata":{"emulator":{"name":"functions"},"function":{"name":"us-central1-api"},"extension":{},"message":"\u001b[90m> \u001b[39m     server: 'nginx',"}}
[info] >      date: 'Fri, 12 Jan 2024 19:08:56 GMT', {"user":"    date: 'Fri, 12 Jan 2024 19:08:56 GMT',","metadata":{"emulator":{"name":"functions"},"function":{"name":"us-central1-api"},"extension":{},"message":"\u001b[90m> \u001b[39m     date: 'Fri, 12 Jan 2024 19:08:56 GMT',"}}
[info] >      'content-type': 'application/json', {"user":"    'content-type': 'application/json',","metadata":{"emulator":{"name":"functions"},"function":{"name":"us-central1-api"},"extension":{},"message":"\u001b[90m> \u001b[39m     'content-type': 'application/json',"}}
[info] >      'content-length': '363', {"user":"    'content-length': '363',","metadata":{"emulator":{"name":"functions"},"function":{"name":"us-central1-api"},"extension":{},"message":"\u001b[90m> \u001b[39m     'content-length': '363',"}}
[info] >      connection: 'keep-alive', {"user":"    connection: 'keep-alive',","metadata":{"emulator":{"name":"functions"},"function":{"name":"us-central1-api"},"extension":{},"message":"\u001b[90m> \u001b[39m     connection: 'keep-alive',"}}
[info] >      'access-control-allow-credentials': 'true', {"user":"    'access-control-allow-credentials': 'true',","metadata":{"emulator":{"name":"functions"},"function":{"name":"us-central1-api"},"extension":{},"message":"\u001b[90m> \u001b[39m     'access-control-allow-credentials': 'true',"}}
[info] >      'access-control-allow-methods': 'GET,HEAD,PUT,PATCH,POST,DELETE', {"user":"    'access-control-allow-methods': 'GET,HEAD,PUT,PATCH,POST,DELETE',","metadata":{"emulator":{"name":"functions"},"function":{"name":"us-central1-api"},"extension":{},"message":"\u001b[90m> \u001b[39m     'access-control-allow-methods': 'GET,HEAD,PUT,PATCH,POST,DELETE',"}}
[info] >      'access-control-allow-origin': '*', {"user":"    'access-control-allow-origin': '*',","metadata":{"emulator":{"name":"functions"},"function":{"name":"us-central1-api"},"extension":{},"message":"\u001b[90m> \u001b[39m     'access-control-allow-origin': '*',"}}
[info] >      'access-control-expose-headers': 'Request-Id, Stripe-Manage-Version, Stripe-Should-Retry, X-Stripe-External-Auth-Required, X-Stripe-Privileged-Session-Required', {"user":"    'access-control-expose-headers': 'Request-Id, Stripe-Manage-Version, Stripe-Should-Retry, X-Stripe-External-Auth-Required, X-Stripe-Privileged-Session-Required',","metadata":{"emulator":{"name":"functions"},"function":{"name":"us-central1-api"},"extension":{},"message":"\u001b[90m> \u001b[39m     'access-control-expose-headers': 'Request-Id, Stripe-Manage-Version, Stripe-Should-Retry, X-Stripe-External-Auth-Required, X-Stripe-Privileged-Session-Required',"}}
[info] >      'access-control-max-age': '300', {"user":"    'access-control-max-age': '300',","metadata":{"emulator":{"name":"functions"},"function":{"name":"us-central1-api"},"extension":{},"message":"\u001b[90m> \u001b[39m     'access-control-max-age': '300',"}}
[info] >      'cache-control': 'no-cache, no-store', {"user":"    'cache-control': 'no-cache, no-store',","metadata":{"emulator":{"name":"functions"},"function":{"name":"us-central1-api"},"extension":{},"message":"\u001b[90m> \u001b[39m     'cache-control': 'no-cache, no-store',"}}
[info] >      'content-security-policy': "report-uri https://q.stripe.com/csp-report?p=v1%2Fpayment_intents; block-all-mixed-content; default-src 'none'; base-uri 'none'; form-action 'none'; frame-ancestors 'none'; img-src 'self'; script-src 'self' 'report-sample'; style-src 'self'", {"user":"    'content-security-policy': \"report-uri https://q.stripe.com/csp-report?p=v1%2Fpayment_intents; block-all-mixed-content; default-src 'none'; base-uri 'none'; form-action 'none'; frame-ancestors 'none'; img-src 'self'; script-src 'self' 'report-sample'; style-src 'self'\",","metadata":{"emulator":{"name":"functions"},"function":{"name":"us-central1-api"},"extension":{},"message":"\u001b[90m> \u001b[39m     'content-security-policy': \"report-uri https://q.stripe.com/csp-report?p=v1%2Fpayment_intents; block-all-mixed-content; default-src 'none'; base-uri 'none'; form-action 'none'; frame-ancestors 'none'; img-src 'self'; script-src 'self' 'report-sample'; style-src 'self'\","}}
[info] >      'idempotency-key': '39725daf-65a6-446c-9eea-3a8fb1382436', {"user":"    'idempotency-key': '39725daf-65a6-446c-9eea-3a8fb1382436',","metadata":{"emulator":{"name":"functions"},"function":{"name":"us-central1-api"},"extension":{},"message":"\u001b[90m> \u001b[39m     'idempotency-key': '39725daf-65a6-446c-9eea-3a8fb1382436',"}}
[info] >      'original-request': 'req_jMbjXNSsEmtiJD', {"user":"    'original-request': 'req_jMbjXNSsEmtiJD',","metadata":{"emulator":{"name":"functions"},"function":{"name":"us-central1-api"},"extension":{},"message":"\u001b[90m> \u001b[39m     'original-request': 'req_jMbjXNSsEmtiJD',"}}
[info] >      'request-id': 'req_jMbjXNSsEmtiJD', {"user":"    'request-id': 'req_jMbjXNSsEmtiJD',","metadata":{"emulator":{"name":"functions"},"function":{"name":"us-central1-api"},"extension":{},"message":"\u001b[90m> \u001b[39m     'request-id': 'req_jMbjXNSsEmtiJD',"}}
[info] >      'stripe-version': '2020-08-27', {"user":"    'stripe-version': '2020-08-27',","metadata":{"emulator":{"name":"functions"},"function":{"name":"us-central1-api"},"extension":{},"message":"\u001b[90m> \u001b[39m     'stripe-version': '2020-08-27',"}}
[info] >      vary: 'Origin', {"user":"    vary: 'Origin',","metadata":{"emulator":{"name":"functions"},"function":{"name":"us-central1-api"},"extension":{},"message":"\u001b[90m> \u001b[39m     vary: 'Origin',"}}
[info] >      'x-stripe-routing-context-priority-tier': 'api-testmode', {"user":"    'x-stripe-routing-context-priority-tier': 'api-testmode',","metadata":{"emulator":{"name":"functions"},"function":{"name":"us-central1-api"},"extension":{},"message":"\u001b[90m> \u001b[39m     'x-stripe-routing-context-priority-tier': 'api-testmode',"}}
[info] >      'strict-transport-security': 'max-age=63072000; includeSubDomains; preload' {"user":"    'strict-transport-security': 'max-age=63072000; includeSubDomains; preload'","metadata":{"emulator":{"name":"functions"},"function":{"name":"us-central1-api"},"extension":{},"message":"\u001b[90m> \u001b[39m     'strict-transport-security': 'max-age=63072000; includeSubDomains; preload'"}}
[info] >    }, {"user":"  },","metadata":{"emulator":{"name":"functions"},"function":{"name":"us-central1-api"},"extension":{},"message":"\u001b[90m> \u001b[39m   },"}}
[info] >    requestId: 'req_jMbjXNSsEmtiJD', {"user":"  requestId: 'req_jMbjXNSsEmtiJD',","metadata":{"emulator":{"name":"functions"},"function":{"name":"us-central1-api"},"extension":{},"message":"\u001b[90m> \u001b[39m   requestId: 'req_jMbjXNSsEmtiJD',"}}
[info] >    statusCode: 400, {"user":"  statusCode: 400,","metadata":{"emulator":{"name":"functions"},"function":{"name":"us-central1-api"},"extension":{},"message":"\u001b[90m> \u001b[39m   statusCode: 400,"}}
[info] >    charge: undefined, {"user":"  charge: undefined,","metadata":{"emulator":{"name":"functions"},"function":{"name":"us-central1-api"},"extension":{},"message":"\u001b[90m> \u001b[39m   charge: undefined,"}}
[info] >    decline_code: undefined, {"user":"  decline_code: undefined,","metadata":{"emulator":{"name":"functions"},"function":{"name":"us-central1-api"},"extension":{},"message":"\u001b[90m> \u001b[39m   decline_code: undefined,"}}
[info] >    payment_intent: undefined, {"user":"  payment_intent: undefined,","metadata":{"emulator":{"name":"functions"},"function":{"name":"us-central1-api"},"extension":{},"message":"\u001b[90m> \u001b[39m   payment_intent: undefined,"}}
[info] >    payment_method: undefined, {"user":"  payment_method: undefined,","metadata":{"emulator":{"name":"functions"},"function":{"name":"us-central1-api"},"extension":{},"message":"\u001b[90m> \u001b[39m   payment_method: undefined,"}}
[info] >    payment_method_type: undefined, {"user":"  payment_method_type: undefined,","metadata":{"emulator":{"name":"functions"},"function":{"name":"us-central1-api"},"extension":{},"message":"\u001b[90m> \u001b[39m   payment_method_type: undefined,"}}
[info] >    setup_intent: undefined, {"user":"  setup_intent: undefined,","metadata":{"emulator":{"name":"functions"},"function":{"name":"us-central1-api"},"extension":{},"message":"\u001b[90m> \u001b[39m   setup_intent: undefined,"}}
[info] >    source: undefined {"user":"  source: undefined","metadata":{"emulator":{"name":"functions"},"function":{"name":"us-central1-api"},"extension":{},"message":"\u001b[90m> \u001b[39m   source: undefined"}}
[info] >  } {"user":"}","metadata":{"emulator":{"name":"functions"},"function":{"name":"us-central1-api"},"extension":{},"message":"\u001b[90m> \u001b[39m }"}}
[error] i  Request to function failed: Error: socket hang up {"metadata":{"emulator":{"name":"functions"},"function":{"name":"us-central1-api"},"extension":{},"message":"Request to function failed: Error: socket hang up"}}
[debug] [2024-01-12T19:08:56.090Z] [work-queue] {"queuedWork":[],"queueLength":0,"runningWork":["/fir-1a20f/us-central1/api/payments/create-2024-01-12T19:08:53.718Z"],"workRunningCount":1}
[error] i  Request to function failed: Error: socket hang up {"metadata":{"emulator":{"name":"functions"},"function":{"name":"us-central1-api"},"extension":{},"message":"Request to function failed: Error: socket hang up"}}
[debug] [2024-01-12T19:08:56.090Z] [work-queue] {"queuedWork":[],"queueLength":0,"runningWork":[],"workRunningCount":0}
[debug] [2024-01-12T19:08:56.091Z] DEBUG: [worker-us-central1-api-e66d1ce4-3bb2-4ca8-bbd9-bd18da52db46]: exited
[debug] [2024-01-12T19:08:56.091Z] DEBUG: [worker-us-central1-api-e66d1ce4-3bb2-4ca8-bbd9-bd18da52db46]: FINISHED
[debug] [2024-01-12T19:08:56.091Z] DEBUG: [worker-us-central1-api-7afd3c6e-e390-4fbf-8f65-7f8a6b185742]: exited
[debug] [2024-01-12T19:08:56.091Z] DEBUG: [worker-us-central1-api-7afd3c6e-e390-4fbf-8f65-7f8a6b185742]: FINISHED
[debug] [2024-01-12T19:09:05.245Z] [work-queue] {"queuedWork":["/fir-1a20f/us-central1/api/payments/create-2024-01-12T19:09:05.245Z"],"queueLength":1,"runningWork":[],"workRunningCount":0}
[debug] [2024-01-12T19:09:05.245Z] [work-queue] {"queuedWork":[],"queueLength":0,"runningWork":["/fir-1a20f/us-central1/api/payments/create-2024-01-12T19:09:05.245Z"],"workRunningCount":1}
[debug] [2024-01-12T19:09:05.245Z] Accepted request POST /fir-1a20f/us-central1/api/payments/create?total=1196 --> us-central1-api
[debug] [2024-01-12T19:09:05.249Z] DEBUG: [functions] Runtime ready! Sending request!
[debug] [2024-01-12T19:09:05.249Z] DEBUG: [functions] Got req.url=/fir-1a20f/us-central1/api/payments/create?total=1196, mapping to path=/payments/create?total=1196
[debug] [2024-01-12T19:09:05.250Z] DEBUG: [worker-pool] Cleaned up workers for us-central1-api: 2 --> 0
[debug] [2024-01-12T19:09:05.255Z] DEBUG: [worker-pool] addWorker(us-central1-api)
[debug] [2024-01-12T19:09:05.255Z] DEBUG: [worker-pool] Adding worker with key us-central1-api, total=1
[debug] [2024-01-12T19:09:05.257Z] [work-queue] {"queuedWork":["/fir-1a20f/us-central1/api/payments/create-2024-01-12T19:09:05.257Z"],"queueLength":1,"runningWork":["/fir-1a20f/us-central1/api/payments/create-2024-01-12T19:09:05.245Z"],"workRunningCount":1}
[debug] [2024-01-12T19:09:05.258Z] [work-queue] {"queuedWork":[],"queueLength":0,"runningWork":["/fir-1a20f/us-central1/api/payments/create-2024-01-12T19:09:05.245Z","/fir-1a20f/us-central1/api/payments/create-2024-01-12T19:09:05.257Z"],"workRunningCount":2}
[debug] [2024-01-12T19:09:05.258Z] Accepted request POST /fir-1a20f/us-central1/api/payments/create?total=1196 --> us-central1-api
[debug] [2024-01-12T19:09:05.260Z] DEBUG: [functions] Runtime ready! Sending request!
[debug] [2024-01-12T19:09:05.260Z] DEBUG: [functions] Got req.url=/fir-1a20f/us-central1/api/payments/create?total=1196, mapping to path=/payments/create?total=1196
[debug] [2024-01-12T19:09:05.264Z] DEBUG: [worker-pool] addWorker(us-central1-api)
[debug] [2024-01-12T19:09:05.265Z] DEBUG: [worker-pool] Adding worker with key us-central1-api, total=2
[debug] [2024-01-12T19:09:06.027Z] DEBUG: [runtime-status] [36074] Resolved module firebase-admin {"declared":true,"installed":true,"version":"11.5.0","resolution":"/Users/satyamsingh/Documents/Projects/React/ReactJS/amazon-clone-firebase/functions/node_modules/firebase-admin/lib/index.js"}
[debug] [2024-01-12T19:09:06.027Z] DEBUG: [runtime-status] [36073] Resolved module firebase-admin {"declared":true,"installed":true,"version":"11.5.0","resolution":"/Users/satyamsingh/Documents/Projects/React/ReactJS/amazon-clone-firebase/functions/node_modules/firebase-admin/lib/index.js"}
[debug] [2024-01-12T19:09:06.028Z] DEBUG: [runtime-status] [36073] Resolved module firebase-functions {"declared":true,"installed":true,"version":"4.2.1","resolution":"/Users/satyamsingh/Documents/Projects/React/ReactJS/amazon-clone-firebase/functions/node_modules/firebase-functions/lib/v1/index.js"}
[debug] [2024-01-12T19:09:06.028Z] DEBUG: [runtime-status] [36074] Resolved module firebase-functions {"declared":true,"installed":true,"version":"4.2.1","resolution":"/Users/satyamsingh/Documents/Projects/React/ReactJS/amazon-clone-firebase/functions/node_modules/firebase-functions/lib/v1/index.js"}
[debug] [2024-01-12T19:09:06.028Z] DEBUG: [runtime-status] [36073] Outgoing network have been stubbed. [{"name":"http","status":"mocked"},{"name":"http","status":"mocked"},{"name":"https","status":"mocked"},{"name":"https","status":"mocked"},{"name":"net","status":"mocked"}]
[debug] [2024-01-12T19:09:06.028Z] DEBUG: [runtime-status] [36074] Outgoing network have been stubbed. [{"name":"http","status":"mocked"},{"name":"http","status":"mocked"},{"name":"https","status":"mocked"},{"name":"https","status":"mocked"},{"name":"net","status":"mocked"}]
[debug] [2024-01-12T19:09:06.029Z] DEBUG: [runtime-status] [36073] Resolved module firebase-functions {"declared":true,"installed":true,"version":"4.2.1","resolution":"/Users/satyamsingh/Documents/Projects/React/ReactJS/amazon-clone-firebase/functions/node_modules/firebase-functions/lib/v1/index.js"}
[debug] [2024-01-12T19:09:06.029Z] DEBUG: [runtime-status] [36074] Resolved module firebase-functions {"declared":true,"installed":true,"version":"4.2.1","resolution":"/Users/satyamsingh/Documents/Projects/React/ReactJS/amazon-clone-firebase/functions/node_modules/firebase-functions/lib/v1/index.js"}
[debug] [2024-01-12T19:09:06.174Z] DEBUG: [runtime-status] [36073] Checked functions.config() {"config":{}}
[debug] [2024-01-12T19:09:06.174Z] DEBUG: [runtime-status] [36074] Checked functions.config() {"config":{}}
[debug] [2024-01-12T19:09:06.174Z] DEBUG: [runtime-status] [36074] firebase-functions has been stubbed. {"functionsResolution":{"declared":true,"installed":true,"version":"4.2.1","resolution":"/Users/satyamsingh/Documents/Projects/React/ReactJS/amazon-clone-firebase/functions/node_modules/firebase-functions/lib/v1/index.js"}}
[debug] [2024-01-12T19:09:06.174Z] DEBUG: [runtime-status] [36073] firebase-functions has been stubbed. {"functionsResolution":{"declared":true,"installed":true,"version":"4.2.1","resolution":"/Users/satyamsingh/Documents/Projects/React/ReactJS/amazon-clone-firebase/functions/node_modules/firebase-functions/lib/v1/index.js"}}
[debug] [2024-01-12T19:09:06.175Z] DEBUG: [runtime-status] [36073] Resolved module firebase-functions {"declared":true,"installed":true,"version":"4.2.1","resolution":"/Users/satyamsingh/Documents/Projects/React/ReactJS/amazon-clone-firebase/functions/node_modules/firebase-functions/lib/v1/index.js"}
[debug] [2024-01-12T19:09:06.175Z] DEBUG: [runtime-status] [36074] Resolved module firebase-functions {"declared":true,"installed":true,"version":"4.2.1","resolution":"/Users/satyamsingh/Documents/Projects/React/ReactJS/amazon-clone-firebase/functions/node_modules/firebase-functions/lib/v1/index.js"}
[debug] [2024-01-12T19:09:06.175Z] DEBUG: [runtime-status] [36073] Resolved module firebase-admin {"declared":true,"installed":true,"version":"11.5.0","resolution":"/Users/satyamsingh/Documents/Projects/React/ReactJS/amazon-clone-firebase/functions/node_modules/firebase-admin/lib/index.js"}
[debug] [2024-01-12T19:09:06.175Z] DEBUG: [runtime-status] [36074] Resolved module firebase-admin {"declared":true,"installed":true,"version":"11.5.0","resolution":"/Users/satyamsingh/Documents/Projects/React/ReactJS/amazon-clone-firebase/functions/node_modules/firebase-admin/lib/index.js"}
[debug] [2024-01-12T19:09:06.177Z] DEBUG: [runtime-status] [36073] Resolved module firebase-functions {"declared":true,"installed":true,"version":"4.2.1","resolution":"/Users/satyamsingh/Documents/Projects/React/ReactJS/amazon-clone-firebase/functions/node_modules/firebase-functions/lib/v1/index.js"}
[debug] [2024-01-12T19:09:06.177Z] DEBUG: [runtime-status] [36074] Resolved module firebase-functions {"declared":true,"installed":true,"version":"4.2.1","resolution":"/Users/satyamsingh/Documents/Projects/React/ReactJS/amazon-clone-firebase/functions/node_modules/firebase-functions/lib/v1/index.js"}
[debug] [2024-01-12T19:09:06.177Z] DEBUG: [runtime-status] [36074] firebase-admin has been stubbed. {"adminResolution":{"declared":true,"installed":true,"version":"11.5.0","resolution":"/Users/satyamsingh/Documents/Projects/React/ReactJS/amazon-clone-firebase/functions/node_modules/firebase-admin/lib/index.js"}}
[debug] [2024-01-12T19:09:06.177Z] DEBUG: [runtime-status] [36073] firebase-admin has been stubbed. {"adminResolution":{"declared":true,"installed":true,"version":"11.5.0","resolution":"/Users/satyamsingh/Documents/Projects/React/ReactJS/amazon-clone-firebase/functions/node_modules/firebase-admin/lib/index.js"}}
[debug] [2024-01-12T19:09:06.270Z] DEBUG: [runtime-status] [36074] Functions runtime initialized. {"cwd":"/Users/satyamsingh/Documents/Projects/React/ReactJS/amazon-clone-firebase/functions","node_version":"16.17.1"}
[debug] [2024-01-12T19:09:06.270Z] DEBUG: [runtime-status] [36073] Functions runtime initialized. {"cwd":"/Users/satyamsingh/Documents/Projects/React/ReactJS/amazon-clone-firebase/functions","node_version":"16.17.1"}
[debug] [2024-01-12T19:09:06.270Z] DEBUG: [runtime-status] [36074] Listening to port: /var/folders/x9/kw0vtkws58d4qr04nst8s7s80000gn/T/fire_emu_8a9bbe3bd2fae3b1.sock
[debug] [2024-01-12T19:09:06.270Z] DEBUG: [runtime-status] [36073] Listening to port: /var/folders/x9/kw0vtkws58d4qr04nst8s7s80000gn/T/fire_emu_9ad7769763e4a7da.sock
[debug] [2024-01-12T19:09:06.281Z] DEBUG: [worker-us-central1-api-9759b2e4-965d-4ce8-b984-3078ac2ca884]: IDLE
[debug] [2024-01-12T19:09:06.281Z] DEBUG: [worker-pool] submitRequest(triggerId=us-central1-api)
[debug] [2024-01-12T19:09:06.281Z] [functions] Beginning execution of "us-central1-api"
[debug] [2024-01-12T19:09:06.281Z] DEBUG: [worker-us-central1-api-9759b2e4-965d-4ce8-b984-3078ac2ca884]: BUSY
[debug] [2024-01-12T19:09:06.285Z] DEBUG: [worker-us-central1-api-51386f79-60bd-4df2-9cfe-75e8794f206e]: IDLE
[debug] [2024-01-12T19:09:06.285Z] DEBUG: [worker-pool] submitRequest(triggerId=us-central1-api)
[debug] [2024-01-12T19:09:06.285Z] [functions] Beginning execution of "us-central1-api"
[debug] [2024-01-12T19:09:06.286Z] DEBUG: [worker-us-central1-api-51386f79-60bd-4df2-9cfe-75e8794f206e]: BUSY
[info] >  Payment Request Recieved BOOM!!! for this amount >>>  1196 {"user":"Payment Request Recieved BOOM!!! for this amount >>>  1196","metadata":{"emulator":{"name":"functions"},"function":{"name":"us-central1-api"},"extension":{},"message":"\u001b[90m> \u001b[39m Payment Request Recieved BOOM!!! for this amount >>>  1196"}}
[info] >  Payment Request Recieved BOOM!!! for this amount >>>  1196 {"user":"Payment Request Recieved BOOM!!! for this amount >>>  1196","metadata":{"emulator":{"name":"functions"},"function":{"name":"us-central1-api"},"extension":{},"message":"\u001b[90m> \u001b[39m Payment Request Recieved BOOM!!! for this amount >>>  1196"}}
[debug] [2024-01-12T19:09:06.770Z] [functions] Finished "us-central1-api" in 484.055417ms
[debug] [2024-01-12T19:09:06.770Z] DEBUG: [worker-us-central1-api-51386f79-60bd-4df2-9cfe-75e8794f206e]: IDLE
[debug] [2024-01-12T19:09:06.770Z] [work-queue] {"queuedWork":[],"queueLength":0,"runningWork":["/fir-1a20f/us-central1/api/payments/create-2024-01-12T19:09:05.245Z"],"workRunningCount":1}
[debug] [2024-01-12T19:09:06.784Z] [functions] Finished "us-central1-api" in 503.437917ms
[debug] [2024-01-12T19:09:06.784Z] DEBUG: [worker-us-central1-api-9759b2e4-965d-4ce8-b984-3078ac2ca884]: IDLE
[debug] [2024-01-12T19:09:06.785Z] [work-queue] {"queuedWork":[],"queueLength":0,"runningWork":[],"workRunningCount":0}
